[debug] [2023-05-12T14:58:23.296Z] ----------------------------------------------------------------------
[debug] [2023-05-12T14:58:23.297Z] Command:       C:\Program Files\nodejs\node.exe C:\Users\bhawe\AppData\Roaming\npm\node_modules\firebase-tools\lib\bin\firebase.js init
[debug] [2023-05-12T14:58:23.298Z] CLI Version:   12.0.0
[debug] [2023-05-12T14:58:23.298Z] Platform:      win32
[debug] [2023-05-12T14:58:23.298Z] Node Version:  v18.15.0
[debug] [2023-05-12T14:58:23.299Z] Time:          Fri May 12 2023 20:28:23 GMT+0530 (India Standard Time)
[debug] [2023-05-12T14:58:23.299Z] ----------------------------------------------------------------------
[debug] 
[debug] [2023-05-12T14:58:23.348Z] > command requires scopes: ["email","openid","https://www.googleapis.com/auth/cloudplatformprojects.readonly","https://www.googleapis.com/auth/firebase","https://www.googleapis.com/auth/cloud-platform"]
[debug] [2023-05-12T14:58:23.349Z] > authorizing via signed-in user (bhaweshsoni29@gmail.com)
[info] 
     ######## #### ########  ######## ########     ###     ######  ########
     ##        ##  ##     ## ##       ##     ##  ##   ##  ##       ##
     ######    ##  ########  ######   ########  #########  ######  ######
     ##        ##  ##    ##  ##       ##     ## ##     ##       ## ##
     ##       #### ##     ## ######## ########  ##     ##  ######  ########

You're about to initialize a Firebase project in this directory:

  C:\Users\bhawe\Documents\studyguru

Before we get started, keep in mind:

  * You are initializing within an existing Firebase project directory

[info] 
=== Project Setup
[info] 
[info] First, let's associate this project directory with a Firebase project.
[info] You can create multiple project aliases by running firebase use --add, 
[info] but for now we'll just set up a default project.
[info] 
[debug] [2023-05-12T14:59:08.359Z] Using project from CLI flag: studyguru-7
[debug] [2023-05-12T14:59:08.360Z] > refreshing access token with scopes: []
[debug] [2023-05-12T14:59:08.361Z] >>> [apiv2][query] POST https://www.googleapis.com/oauth2/v3/token [none]
[debug] [2023-05-12T14:59:08.361Z] >>> [apiv2][body] POST https://www.googleapis.com/oauth2/v3/token [omitted]
[debug] [2023-05-12T14:59:08.926Z] <<< [apiv2][status] POST https://www.googleapis.com/oauth2/v3/token 200
[debug] [2023-05-12T14:59:08.926Z] <<< [apiv2][body] POST https://www.googleapis.com/oauth2/v3/token [omitted]
[debug] [2023-05-12T14:59:08.936Z] >>> [apiv2][query] GET https://firebase.googleapis.com/v1beta1/projects/studyguru-7 [none]
[debug] [2023-05-12T14:59:09.812Z] <<< [apiv2][status] GET https://firebase.googleapis.com/v1beta1/projects/studyguru-7 200
[debug] [2023-05-12T14:59:09.812Z] <<< [apiv2][body] GET https://firebase.googleapis.com/v1beta1/projects/studyguru-7 {"projectId":"studyguru-7","projectNumber":"607540387981","displayName":"StudyGuru","name":"projects/studyguru-7","resources":{"hostingSite":"studyguru-7","storageBucket":"studyguru-7.appspot.com","locationId":"asia-south1"},"state":"ACTIVE","etag":"1_04296858-7e3b-42e2-842b-56c52835063e"}
[info] i  Using project studyguru-7 (StudyGuru) 
[info] 
=== Firestore Setup
[debug] [2023-05-12T14:59:09.818Z] >>> [apiv2][query] GET https://serviceusage.googleapis.com/v1/projects/studyguru-7/services/firestore.googleapis.com [none]
[debug] [2023-05-12T14:59:09.818Z] >>> [apiv2][(partial)header] GET https://serviceusage.googleapis.com/v1/projects/studyguru-7/services/firestore.googleapis.com x-goog-quota-user=projects/studyguru-7
[debug] [2023-05-12T14:59:11.986Z] <<< [apiv2][status] GET https://serviceusage.googleapis.com/v1/projects/studyguru-7/services/firestore.googleapis.com 200
[debug] [2023-05-12T14:59:11.986Z] <<< [apiv2][body] GET https://serviceusage.googleapis.com/v1/projects/studyguru-7/services/firestore.googleapis.com [omitted]
[debug] [2023-05-12T14:59:11.986Z] >>> [apiv2][query] GET https://firestore.googleapis.com/v1/projects/studyguru-7/databases/(default) [none]
[debug] [2023-05-12T14:59:12.397Z] <<< [apiv2][status] GET https://firestore.googleapis.com/v1/projects/studyguru-7/databases/(default) 200
[debug] [2023-05-12T14:59:12.397Z] <<< [apiv2][body] GET https://firestore.googleapis.com/v1/projects/studyguru-7/databases/(default) {"name":"projects/studyguru-7/databases/(default)","uid":"d903a1d5-3a51-4baf-b3fb-253e26f101b6","createTime":"2023-04-27T15:00:01.838219Z","updateTime":"2023-04-27T15:00:01.838219Z","locationId":"asia-south1","type":"FIRESTORE_NATIVE","concurrencyMode":"PESSIMISTIC","appEngineIntegrationMode":"DISABLED","keyPrefix":"j","deleteProtectionState":"DELETE_PROTECTION_DISABLED","etag":"IIqk5ciF8P4CMMOcloyG6/4C"}
[debug] [2023-05-12T14:59:12.397Z] database_type: FIRESTORE_NATIVE
[debug] [2023-05-12T14:59:12.397Z] > command requires scopes: ["email","openid","https://www.googleapis.com/auth/cloudplatformprojects.readonly","https://www.googleapis.com/auth/firebase","https://www.googleapis.com/auth/cloud-platform"]
[debug] [2023-05-12T14:59:12.397Z] > authorizing via signed-in user (bhaweshsoni29@gmail.com)
[debug] [2023-05-12T14:59:12.397Z] [iam] checking project studyguru-7 for permissions ["firebase.projects.get"]
[debug] [2023-05-12T14:59:12.397Z] >>> [apiv2][query] POST https://cloudresourcemanager.googleapis.com/v1/projects/studyguru-7:testIamPermissions [none]
[debug] [2023-05-12T14:59:12.397Z] >>> [apiv2][(partial)header] POST https://cloudresourcemanager.googleapis.com/v1/projects/studyguru-7:testIamPermissions x-goog-quota-user=projects/studyguru-7
[debug] [2023-05-12T14:59:12.397Z] >>> [apiv2][body] POST https://cloudresourcemanager.googleapis.com/v1/projects/studyguru-7:testIamPermissions {"permissions":["firebase.projects.get"]}
[debug] [2023-05-12T14:59:14.222Z] <<< [apiv2][status] POST https://cloudresourcemanager.googleapis.com/v1/projects/studyguru-7:testIamPermissions 200
[debug] [2023-05-12T14:59:14.222Z] <<< [apiv2][body] POST https://cloudresourcemanager.googleapis.com/v1/projects/studyguru-7:testIamPermissions {"permissions":["firebase.projects.get"]}
[info] 
[info] Firestore Security Rules allow you to define how and when to allow
[info] requests. You can keep these rules in your project directory
[info] and publish them with firebase deploy.
[info] 
[debug] [2023-05-12T14:59:28.685Z] >>> [apiv2][query] GET https://firebaserules.googleapis.com/v1/projects/studyguru-7/releases pageSize=10&pageToken=
[debug] [2023-05-12T14:59:30.519Z] <<< [apiv2][status] GET https://firebaserules.googleapis.com/v1/projects/studyguru-7/releases 200
[debug] [2023-05-12T14:59:30.519Z] <<< [apiv2][body] GET https://firebaserules.googleapis.com/v1/projects/studyguru-7/releases {"releases":[{"name":"projects/studyguru-7/releases/cloud.firestore","rulesetName":"projects/studyguru-7/rulesets/29ad1731-50c4-44fd-85eb-f3363ac9020a","createTime":"2023-04-27T15:00:11.857890Z","updateTime":"2023-04-27T15:03:43.117696Z"},{"name":"projects/studyguru-7/releases/firebase.storage","rulesetName":"projects/studyguru-7/rulesets/47c8ae33-35fb-4d80-9eeb-28080b23588d","createTime":"2023-05-07T15:55:04.307205Z","updateTime":"2023-05-07T15:55:04.307205Z"},{"name":"projects/studyguru-7/releases/firebase.storage/studyguru-7.appspot.com","rulesetName":"projects/studyguru-7/rulesets/2f0beb57-f7d3-4c1e-b662-5cb935eafc1a","createTime":"2023-05-05T04:53:46.038629Z","updateTime":"2023-05-05T04:54:14.891128Z"}]}
[debug] [2023-05-12T14:59:30.530Z] Found ruleset: projects/studyguru-7/rulesets/29ad1731-50c4-44fd-85eb-f3363ac9020a
[debug] [2023-05-12T14:59:30.530Z] >>> [apiv2][query] GET https://firebaserules.googleapis.com/v1/projects/studyguru-7/rulesets/29ad1731-50c4-44fd-85eb-f3363ac9020a [none]
[debug] [2023-05-12T14:59:32.302Z] <<< [apiv2][status] GET https://firebaserules.googleapis.com/v1/projects/studyguru-7/rulesets/29ad1731-50c4-44fd-85eb-f3363ac9020a 200
[debug] [2023-05-12T14:59:32.302Z] <<< [apiv2][body] GET https://firebaserules.googleapis.com/v1/projects/studyguru-7/rulesets/29ad1731-50c4-44fd-85eb-f3363ac9020a [omitted]
[info] 
[info] Firestore indexes allow you to perform complex queries while
[info] maintaining performance that scales with the size of the result
[info] set. You can keep index definitions in your project directory
[info] and publish them with firebase deploy.
[info] 
[debug] [2023-05-12T14:59:49.119Z] >>> [apiv2][query] GET https://firestore.googleapis.com/v1/projects/studyguru-7/databases/(default)/collectionGroups/-/indexes [none]
[debug] [2023-05-12T14:59:49.121Z] >>> [apiv2][query] GET https://firestore.googleapis.com/v1/projects/studyguru-7/databases/(default)/collectionGroups/-/fields?filter=indexConfig.usesAncestorConfig=false OR ttlConfig:* [none]
[debug] [2023-05-12T14:59:49.502Z] <<< [apiv2][status] GET https://firestore.googleapis.com/v1/projects/studyguru-7/databases/(default)/collectionGroups/-/indexes 200
[debug] [2023-05-12T14:59:49.502Z] <<< [apiv2][body] GET https://firestore.googleapis.com/v1/projects/studyguru-7/databases/(default)/collectionGroups/-/indexes {}
[debug] [2023-05-12T14:59:49.708Z] <<< [apiv2][status] GET https://firestore.googleapis.com/v1/projects/studyguru-7/databases/(default)/collectionGroups/-/fields?filter=indexConfig.usesAncestorConfig=false OR ttlConfig:* 200
[debug] [2023-05-12T14:59:49.708Z] <<< [apiv2][body] GET https://firestore.googleapis.com/v1/projects/studyguru-7/databases/(default)/collectionGroups/-/fields?filter=indexConfig.usesAncestorConfig=false OR ttlConfig:* {"fields":[{"name":"projects/studyguru-7/databases/(default)/collectionGroups/__default__/fields/*","indexConfig":{"indexes":[{"queryScope":"COLLECTION","fields":[{"fieldPath":"*","order":"ASCENDING"}],"state":"READY"},{"queryScope":"COLLECTION","fields":[{"fieldPath":"*","order":"DESCENDING"}],"state":"READY"},{"queryScope":"COLLECTION","fields":[{"fieldPath":"*","arrayConfig":"CONTAINS"}],"state":"READY"}]}}]}
[info] 
=== Hosting Setup
[info] 
[info] Your public directory is the folder (relative to your project directory) that
[info] will contain Hosting assets to be uploaded with firebase deploy. If you
[info] have a build process for your assets, use your build's output directory.
[info] 
[debug] [2023-05-12T15:01:45.035Z] >>> [apiv2][query] GET https://www.gstatic.com/firebasejs/releases.json [none]
[debug] [2023-05-12T15:01:45.417Z] <<< [apiv2][status] GET https://www.gstatic.com/firebasejs/releases.json 200
